<?xml version="1.0" encoding="UTF-8"?>
<!-- Generated by org.testng.reporters.JUnitReportReporter -->
<testsuite hostname="QUASPC1210" failures="1" tests="37" name="Admin.delete" time="1398.233" errors="0" timestamp="1 Mar 2022 08:56:06 GMT">
  <testcase classname="Admin.delete" name="PV_LayerManagement_09" time="43.337"/>
  <testcase classname="Admin.delete" name="PV_LayerManagement_05" time="42.688"/>
  <testcase classname="Admin.delete" name="PV_LayerManagement_10" time="43.572"/>
  <testcase classname="Admin.delete" name="PV_LayerManagement_13" time="40.723"/>
  <testcase classname="Admin.delete" name="PV_LayerManagement_04" time="40.837"/>
  <testcase classname="Admin.delete" name="PV_LayerManagement_34" time="37.504"/>
  <testcase classname="Admin.delete" name="PV_LayerManagement_08" time="32.416"/>
  <testcase classname="Admin.delete" name="PV_LayerManagement_14" time="32.975"/>
  <testcase classname="Admin.delete" name="PV_LayerManagement_36" time="42.450"/>
  <testcase classname="Admin.delete" name="PV_LayerManagement_37" time="42.381">
    <failure message="no such element: Unable to locate element: {&quot;method&quot;:&quot;xpath&quot;,&quot;selector&quot;:&quot;//button[@class=&#039;close&#039;]&quot;}
  (Session info: chrome=98.0.4758.102)
For documentation on this error, please visit: https://www.seleniumhq.org/exceptions/no_such_element.html
Build info: version: &#039;3.141.59&#039;, revision: &#039;e82be7d358&#039;, time: &#039;2018-11-14T08:17:03&#039;
System info: host: &#039;QUASPC1210&#039;, ip: &#039;192.168.1.210&#039;, os.name: &#039;Windows 10&#039;, os.arch: &#039;amd64&#039;, os.version: &#039;10.0&#039;, java.version: &#039;11.0.12&#039;
Driver info: org.openqa.selenium.chrome.ChromeDriver
Capabilities {acceptInsecureCerts: false, browserName: chrome, browserVersion: 98.0.4758.102, chrome: {chromedriverVersion: 98.0.4758.102 (273bf7ac8c90..., userDataDir: C:\Users\meet.g\AppData\Loc...}, goog:chromeOptions: {debuggerAddress: localhost:55651}, javascriptEnabled: true, networkConnectionEnabled: false, pageLoadStrategy: normal, platform: WINDOWS, platformName: WINDOWS, proxy: Proxy(), setWindowRect: true, strictFileInteractability: false, timeouts: {implicit: 0, pageLoad: 300000, script: 30000}, unhandledPromptBehavior: dismiss and notify, webauthn:extension:credBlob: true, webauthn:extension:largeBlob: true, webauthn:virtualAuthenticators: true}
Session ID: d781cc86788b2ec9e25f2827f0839207
*** Element info: {Using=xpath, value=//button[@class=&#039;close&#039;]}" type="org.openqa.selenium.NoSuchElementException">
      <![CDATA[org.openqa.selenium.NoSuchElementException: no such element: Unable to locate element: {"method":"xpath","selector":"//button[@class='close']"}
  (Session info: chrome=98.0.4758.102)
For documentation on this error, please visit: https://www.seleniumhq.org/exceptions/no_such_element.html
Build info: version: '3.141.59', revision: 'e82be7d358', time: '2018-11-14T08:17:03'
System info: host: 'QUASPC1210', ip: '192.168.1.210', os.name: 'Windows 10', os.arch: 'amd64', os.version: '10.0', java.version: '11.0.12'
Driver info: org.openqa.selenium.chrome.ChromeDriver
Capabilities {acceptInsecureCerts: false, browserName: chrome, browserVersion: 98.0.4758.102, chrome: {chromedriverVersion: 98.0.4758.102 (273bf7ac8c90..., userDataDir: C:\Users\meet.g\AppData\Loc...}, goog:chromeOptions: {debuggerAddress: localhost:55651}, javascriptEnabled: true, networkConnectionEnabled: false, pageLoadStrategy: normal, platform: WINDOWS, platformName: WINDOWS, proxy: Proxy(), setWindowRect: true, strictFileInteractability: false, timeouts: {implicit: 0, pageLoad: 300000, script: 30000}, unhandledPromptBehavior: dismiss and notify, webauthn:extension:credBlob: true, webauthn:extension:largeBlob: true, webauthn:virtualAuthenticators: true}
Session ID: d781cc86788b2ec9e25f2827f0839207
*** Element info: {Using=xpath, value=//button[@class='close']}
	at java.base/jdk.internal.reflect.NativeConstructorAccessorImpl.newInstance0(Native Method)
	at java.base/jdk.internal.reflect.NativeConstructorAccessorImpl.newInstance(NativeConstructorAccessorImpl.java:62)
	at java.base/jdk.internal.reflect.DelegatingConstructorAccessorImpl.newInstance(DelegatingConstructorAccessorImpl.java:45)
	at java.base/java.lang.reflect.Constructor.newInstance(Constructor.java:490)
	at org.openqa.selenium.remote.http.W3CHttpResponseCodec.createException(W3CHttpResponseCodec.java:187)
	at org.openqa.selenium.remote.http.W3CHttpResponseCodec.decode(W3CHttpResponseCodec.java:122)
	at org.openqa.selenium.remote.http.W3CHttpResponseCodec.decode(W3CHttpResponseCodec.java:49)
	at org.openqa.selenium.remote.HttpCommandExecutor.execute(HttpCommandExecutor.java:158)
	at org.openqa.selenium.remote.service.DriverCommandExecutor.execute(DriverCommandExecutor.java:83)
	at org.openqa.selenium.remote.RemoteWebDriver.execute(RemoteWebDriver.java:552)
	at org.openqa.selenium.remote.RemoteWebDriver.findElement(RemoteWebDriver.java:323)
	at org.openqa.selenium.remote.RemoteWebDriver.findElementByXPath(RemoteWebDriver.java:428)
	at org.openqa.selenium.By$ByXPath.findElement(By.java:353)
	at org.openqa.selenium.remote.RemoteWebDriver.findElement(RemoteWebDriver.java:315)
	at Admin.delete.PV_LayerManagement_37(delete.java:1649)
	at java.base/jdk.internal.reflect.NativeMethodAccessorImpl.invoke0(Native Method)
	at java.base/jdk.internal.reflect.NativeMethodAccessorImpl.invoke(NativeMethodAccessorImpl.java:62)
	at java.base/jdk.internal.reflect.DelegatingMethodAccessorImpl.invoke(DelegatingMethodAccessorImpl.java:43)
	at java.base/java.lang.reflect.Method.invoke(Method.java:566)
	at org.testng.internal.MethodInvocationHelper.invokeMethod(MethodInvocationHelper.java:80)
	at org.testng.internal.Invoker.invokeMethod(Invoker.java:714)
	at org.testng.internal.Invoker.invokeTestMethod(Invoker.java:901)
	at org.testng.internal.Invoker.invokeTestMethods(Invoker.java:1231)
	at org.testng.internal.TestMethodWorker.invokeTestMethods(TestMethodWorker.java:127)
	at org.testng.internal.TestMethodWorker.run(TestMethodWorker.java:111)
	at org.testng.TestRunner.privateRun(TestRunner.java:767)
	at org.testng.TestRunner.run(TestRunner.java:617)
	at org.testng.SuiteRunner.runTest(SuiteRunner.java:334)
	at org.testng.SuiteRunner.runSequentially(SuiteRunner.java:329)
	at org.testng.SuiteRunner.privateRun(SuiteRunner.java:291)
	at org.testng.SuiteRunner.run(SuiteRunner.java:240)
	at org.testng.SuiteRunnerWorker.runSuite(SuiteRunnerWorker.java:52)
	at org.testng.SuiteRunnerWorker.run(SuiteRunnerWorker.java:86)
	at org.testng.TestNG.runSuitesSequentially(TestNG.java:1198)
	at org.testng.TestNG.runSuitesLocally(TestNG.java:1123)
	at org.testng.TestNG.run(TestNG.java:1031)
	at org.testng.remote.AbstractRemoteTestNG.run(AbstractRemoteTestNG.java:115)
	at org.testng.remote.RemoteTestNG.initAndRun(RemoteTestNG.java:251)
	at org.testng.remote.RemoteTestNG.main(RemoteTestNG.java:77)
]]>
    </failure>
  </testcase> <!-- PV_LayerManagement_37 -->
  <testcase classname="Admin.delete" name="PV_LayerManagement_12" time="47.189"/>
  <testcase classname="Admin.delete" name="PV_LayerManagement_26" time="36.484"/>
  <testcase classname="Admin.delete" name="PV_LayerManagement_33" time="38.065"/>
  <testcase classname="Admin.delete" name="PV_LayerManagement_15" time="32.430"/>
  <testcase classname="Admin.delete" name="PV_LayerManagement_16" time="43.117"/>
  <testcase classname="Admin.delete" name="PV_LayerManagement_31" time="42.969"/>
  <testcase classname="Admin.delete" name="PV_LayerManagement_27" time="39.483"/>
  <testcase classname="Admin.delete" name="PV_LayerManagement_11" time="45.543"/>
  <testcase classname="Admin.delete" name="PV_LayerManagement_03" time="30.399"/>
  <testcase classname="Admin.delete" name="PV_LayerManagement_07" time="32.372"/>
  <testcase classname="Admin.delete" name="PV_LayerManagement_02" time="28.670"/>
  <testcase classname="Admin.delete" name="PV_LayerManagement_21" time="36.823"/>
  <testcase classname="Admin.delete" name="PV_LayerManagement_23" time="36.481"/>
  <testcase classname="Admin.delete" name="PV_LayerManagement_01" time="28.188"/>
  <testcase classname="Admin.delete" name="PV_LayerManagement_18" time="31.746"/>
  <testcase classname="Admin.delete" name="PV_LayerManagement_19" time="33.435"/>
  <testcase classname="Admin.delete" name="PV_LayerManagement_30" time="38.190"/>
  <testcase classname="Admin.delete" name="PV_LayerManagement_20" time="33.290"/>
  <testcase classname="Admin.delete" name="PV_LayerManagement_32" time="41.176"/>
  <testcase classname="Admin.delete" name="PV_LayerManagement_28" time="38.007"/>
  <testcase classname="Admin.delete" name="PV_LayerManagement_25" time="36.662"/>
  <testcase classname="Admin.delete" name="PV_LayerManagement_35" time="39.775"/>
  <testcase classname="Admin.delete" name="PV_LayerManagement_17" time="45.095"/>
  <testcase classname="Admin.delete" name="PV_LayerManagement_06" time="32.694"/>
  <testcase classname="Admin.delete" name="PV_LayerManagement_29" time="38.034"/>
  <testcase classname="Admin.delete" name="PV_LayerManagement_22" time="36.444"/>
  <testcase classname="Admin.delete" name="PV_LayerManagement_24" time="36.589"/>
</testsuite> <!-- Admin.delete -->
